<?xml version="1.0" encoding="UTF-8"?>
<!-- Generated by org.testng.reporters.JUnitReportReporter -->
<testsuite hostname="precision7530" failures="0" tests="8" name="com.test.java.EquiLeaderTests" time="0.011" errors="0" timestamp="2021-03-30T17:06:40 CEST" skipped="0">
  <testcase classname="com.test.java.EquiLeaderTests" name="verifySolution" time="0.000"/>
  <system-out/>
  <testcase classname="com.test.java.EquiLeaderTests" name="verifySolution" time="0.001"/>
  <system-out/>
  <testcase classname="com.test.java.EquiLeaderTests" name="verifySolution" time="0.001"/>
  <system-out/>
  <testcase classname="com.test.java.EquiLeaderTests" name="verifySolution" time="0.005"/>
  <system-out/>
  <testcase classname="com.test.java.EquiLeaderTests" name="verifySolution" time="0.001"/>
  <system-out/>
  <testcase classname="com.test.java.EquiLeaderTests" name="verifySolution" time="0.001"/>
  <system-out/>
  <testcase classname="com.test.java.EquiLeaderTests" name="verifySolution" time="0.001"/>
  <system-out/>
  <testcase classname="com.test.java.EquiLeaderTests" name="verifySolution" time="0.001"/>
  <system-out/>
</testsuite> <!-- com.test.java.EquiLeaderTests -->
